[INFO|6:07:11]: ACR > ComPieter failed Speed (x8) | type: airspeed, ping: 34ms, tps: 20 
[INFO|6:07:12]: ACR > ComPieter failed Speed (x16) | type: airspeed, ping: 34ms, tps: 20 
[INFO|6:07:13]: ACR > ComPieter failed Speed (x24) | type: verticalspeed, ping: 34ms, tps: 20 
[INFO|6:07:13]: ACR > ComPieter failed Speed (x32) | type: verticalspeed, ping: 35ms, tps: 20 
[INFO|6:07:14]: ACR > ComPieter failed Speed (x40) | type: verticalspeed, ping: 35ms, tps: 20 
[INFO|6:07:14]: ACR > ComPieter failed Speed (x48) | type: verticalspeed, ping: 35ms, tps: 20 
[INFO|6:07:14]: ACR > ComPieter failed Speed (x56) | type: verticalspeed, ping: 35ms, tps: 20 
[INFO|6:07:15]: ACR > ComPieter failed Speed (x64) | type: verticalspeed, ping: 35ms, tps: 20 
[INFO|6:07:15]: ACR > ComPieter failed Speed (x72) | type: verticalspeed, ping: 35ms, tps: 20 
[INFO|6:07:15]: ACR > ComPieter failed Speed (x80) | type: verticalspeed, ping: 35ms, tps: 20 
[INFO|6:07:15]: ACR > ComPieter failed Speed (x88) | type: verticalspeed, ping: 35ms, tps: 20 
[INFO|6:07:37]: ACR > ComPieter failed MorePackets (x8) | ping: 31ms, tps: 20 
[INFO|6:09:46]: ACR > ComPieter failed Speed (x96) | type: airspeed, ping: 33ms, tps: 20 
[INFO|6:09:46]: ACR > ComPieter failed Speed (x104) | type: airspeed, ping: 33ms, tps: 20 
[INFO|6:09:46]: ACR > ComPieter failed Speed (x112) | type: airspeed, ping: 33ms, tps: 20 
[INFO|6:09:46]: ACR > ComPieter failed Speed (x120) | type: airspeed, ping: 33ms, tps: 20 
[INFO|6:09:47]: ACR > ComPieter failed Speed (x128) | type: airspeed, ping: 33ms, tps: 20 
[INFO|6:09:54]: ACR > ComPieter failed Speed (x136) | type: airspeed, ping: 33ms, tps: 20 
[INFO|6:10:12]: ACR > ComPieter failed Speed (x144) | type: airspeed, ping: 33ms, tps: 20 
[INFO|6:10:13]: ACR > ComPieter failed Speed (x152) | type: airspeed, ping: 33ms, tps: 20 
[INFO|6:10:22]: ACR > ComPieter failed MorePackets (x16) | ping: 33ms, tps: 20 
[INFO|6:10:22]: ACR > ComPieter failed Speed (x160) | type: groundspeed, ping: 33ms, tps: 20 
[INFO|6:10:24]: ACR > ComPieter failed MorePackets (x24) | ping: 33ms, tps: 20 
[INFO|6:31:17]: ACR > ComPieter failed Speed (x168) | type: verticalspeed, ping: 32ms, tps: 20 
[INFO|7:05:39]: ACR > SKDEVILFF failed Flight (x8) | type: airclimb, ping: 354ms, tps: 20 
[INFO|10:08:27]: ACR > SKDEVILFF failed Flight (x16) | type: airclimb, ping: 0ms, tps: 20 
[INFO|10:09:14]: ACR > SKDEVILFF failed Flight (x24) | type: airclimb, ping: 355ms, tps: 20 
[INFO|10:10:10]: ACR > SKDEVILFF failed Flight (x32) | type: airclimb, ping: 355ms, tps: 20 
[INFO|10:10:15]: ACR > SKDEVILFF failed Flight (x40) | type: airflight, ping: 355ms, tps: 20 
[INFO|10:10:28]: ACR > SKDEVILFF failed Flight (x48) | type: airclimb, ping: 355ms, tps: 20 
[INFO|10:10:37]: ACR > SKDEVILFF failed Flight (x56) | type: airflight, ping: 354ms, tps: 20 
[INFO|10:10:46]: ACR > SKDEVILFF failed Flight (x64) | type: airflight, ping: 354ms, tps: 20 
[INFO|10:11:17]: ACR > SKDEVILFF failed Flight (x72) | type: airclimb, ping: 468ms, tps: 20 
[INFO|2:16:48]: ACR > Arnisna failed Speed (x8) | type: airspeed, ping: 67ms, tps: 20 
[INFO|2:16:54]: ACR > Arnisna failed Speed (x16) | type: airspeed, ping: 67ms, tps: 20 
[INFO|2:18:24]: ACR > Arnisna failed Flight (x8) | type: airflight, ping: 49ms, tps: 20 
[INFO|2:20:05]: ACR > Arnisna failed Flight (x16) | type: airclimb, ping: 47ms, tps: 20 
[INFO|2:20:10]: ACR > Arnisna failed Flight (x24) | type: airclimb, ping: 47ms, tps: 20 
[INFO|2:20:10]: ACR > Arnisna failed Flight (x32) | type: airclimb, ping: 47ms, tps: 20 
[INFO|2:20:11]: ACR > Arnisna failed Flight (x40) | type: airclimb, ping: 47ms, tps: 20 
[INFO|2:20:15]: ACR > Arnisna failed Flight (x48) | type: airclimb, ping: 47ms, tps: 20 
