[2021-08-15 21:25:15] New deadchest for [bart7782] in world at X:68 Y:14 Z:-284
[2021-08-15 21:26:31] Player [bart7782] died without inventory : No Deadchest generated
[2021-08-15 21:35:15] Deadchest of [bart7782] has expired in world
[2021-08-15 21:49:48] New deadchest for [bart7782] in world at X:88 Y:75 Z:-188
[2021-08-15 21:49:48] Deadchest of [bart7782] was blown up in world
[2021-08-15 21:53:05] New deadchest for [bart7782] in world at X:-25 Y:69 Z:-353
[2021-08-16 19:18:03] New deadchest for [bart7782] in world at X:27 Y:80 Z:67
[2021-08-16 19:20:28] New deadchest for [bart7782] in world at X:-273 Y:64 Z:260
[2021-08-16 19:20:28] Deadchest of [bart7782] was blown up in world
[2021-08-16 19:20:41] New deadchest for [bart7782] in world at X:-276 Y:63 Z:263
[2021-08-16 19:20:41] Deadchest of [bart7782] was blown up in world
[2021-08-17 17:55:45] New deadchest for [night4666] in world at X:-220 Y:51 Z:326
[2021-08-17 17:56:19] Player [night4666] died without inventory : No Deadchest generated
[2021-08-17 17:57:04] Player [night4666] died without inventory : No Deadchest generated
[2021-08-17 17:57:25] Player [night4666] died without inventory : No Deadchest generated
[2021-08-17 17:59:15] Deadchest of [night4666] was taken by [night4666] in world
[2021-08-17 17:59:16] New deadchest for [night4666] in world at X:-221 Y:52 Z:327
[2021-08-17 18:07:37] Deadchest of [night4666] has expired in world
[2021-08-19 23:24:23] Deadchest of [bart7782] has expired in world
[2021-08-21 19:45:32] New deadchest for [bart7782] in world at X:-70 Y:83 Z:9936
[2021-08-21 19:50:12] New deadchest for [NotAMCPlayer] in world at X:59 Y:72 Z:98
[2021-08-21 19:50:14] Deadchest of [NotAMCPlayer] was taken by [bart7782] in world
[2021-08-21 19:50:20] Player [NotAMCPlayer] died without inventory : No Deadchest generated
[2021-08-21 19:52:12] Player [NotAMCPlayer] died without inventory : No Deadchest generated
[2021-08-21 19:58:21] New deadchest for [zombiestrike444] in world at X:162 Y:66 Z:45
[2021-08-21 19:58:31] Player [zombiestrike444] died without inventory : No Deadchest generated
[2021-08-21 19:59:23] Deadchest of [zombiestrike444] was taken by [bart7782] in world
[2021-08-21 20:10:14] New deadchest for [zombiestrike444] in world at X:134 Y:81 Z:68
[2021-08-21 20:10:26] Deadchest of [zombiestrike444] was taken by [zombiestrike444] in world
[2021-08-21 20:17:13] Deadchest of [bart7782] has expired in world
[2021-08-21 21:39:06] New deadchest for [Arnisna] in world at X:43 Y:68 Z:-205
[2021-08-21 21:47:26] Deadchest of [Arnisna] has expired in world
[2021-08-21 21:58:06] New deadchest for [HMS_DUNCAN] in world at X:-1246 Y:64 Z:-3681
[2021-08-22 15:23:03] New deadchest for [Arnisna] in world at X:37 Y:31 Z:-121
[2021-08-22 15:31:23] Deadchest of [Arnisna] has expired in world
[2021-08-22 15:54:33] Player [Arnisna] died without inventory : No Deadchest generated
[2021-08-22 16:10:53] New deadchest for [HMS_DUNCAN] in world at X:12 Y:56 Z:51
[2021-08-22 16:11:09] New deadchest for [Arnisna] in world at X:12 Y:8 Z:50
[2021-08-22 16:12:59] Deadchest of [Arnisna] was taken by [HMS_DUNCAN] in world
[2021-08-22 16:28:07] New deadchest for [HMS_DUNCAN] in world at X:10 Y:61 Z:124
[2021-08-22 16:28:14] Deadchest of [HMS_DUNCAN] was taken by [Arnisna] in world
[2021-08-22 16:29:58] New deadchest for [BOTAsiann] in world at X:-15 Y:74 Z:17
[2021-08-22 16:30:41] New deadchest for [NotAMCPlayer] in world at X:56 Y:67 Z:-186
[2021-08-22 16:32:23] Deadchest of [BOTAsiann] was taken by [HMS_DUNCAN] in world
[2021-08-22 16:33:23] Player [NotAMCPlayer] died without inventory : No Deadchest generated
[2021-08-22 16:34:59] New deadchest for [Arnisna] in world at X:8 Y:6 Z:54
[2021-08-22 16:35:15] Player [Arnisna] died without inventory : No Deadchest generated
[2021-08-22 16:35:39] New deadchest for [BOTAsiann] in world at X:23 Y:74 Z:16
[2021-08-22 16:36:00] Player [Arnisna] died without inventory : No Deadchest generated
[2021-08-22 16:37:10] New deadchest for [NotAMCPlayer] in world at X:172 Y:72 Z:168
[2021-08-22 16:37:37] Deadchest of [BOTAsiann] was taken by [BOTAsiann] in world
[2021-08-22 16:39:02] Deadchest of [NotAMCPlayer] has expired in world
[2021-08-22 16:40:18] New deadchest for [HMS_DUNCAN] in world at X:33 Y:45 Z:-22
[2021-08-22 16:41:28] New deadchest for [Arnisna] in world at X:-2 Y:47 Z:63
[2021-08-22 16:41:47] Deadchest of [Arnisna] was taken by [BOTAsiann] in world
[2021-08-22 16:43:12] Deadchest of [HMS_DUNCAN] was taken by [HMS_DUNCAN] in world
[2021-08-22 16:43:19] Deadchest of [Arnisna] has expired in world
[2021-08-22 16:43:55] New deadchest for [BOTAsiann] in world at X:16 Y:48 Z:63
[2021-08-22 16:44:21] Player [BOTAsiann] died without inventory : No Deadchest generated
[2021-08-22 16:45:31] Deadchest of [NotAMCPlayer] has expired in world
[2021-08-22 16:45:50] New deadchest for [BOTAsiann] in world at X:-9 Y:77 Z:57
[2021-08-22 16:46:01] Deadchest of [BOTAsiann] was taken by [BOTAsiann] in world
[2021-08-22 16:47:05] Deadchest of [BOTAsiann] was taken by [BOTAsiann] in world
[2021-08-22 16:47:05] New deadchest for [BOTAsiann] in world at X:16 Y:49 Z:63
[2021-08-22 16:47:21] Deadchest of [BOTAsiann] was taken by [BOTAsiann] in world
[2021-08-22 16:47:21] New deadchest for [BOTAsiann] in world at X:17 Y:48 Z:64
[2021-08-22 16:47:31] Deadchest of [BOTAsiann] was taken by [BOTAsiann] in world
[2021-08-22 16:47:31] New deadchest for [BOTAsiann] in world at X:17 Y:50 Z:64
[2021-08-22 16:47:44] Player [BOTAsiann] died without inventory : No Deadchest generated
[2021-08-22 16:48:16] Deadchest of [BOTAsiann] was taken by [BOTAsiann] in world
[2021-08-22 16:48:16] New deadchest for [BOTAsiann] in world at X:17 Y:51 Z:64
[2021-08-22 16:48:36] Player [BOTAsiann] died without inventory : No Deadchest generated
[2021-08-22 16:48:51] Player [BOTAsiann] died without inventory : No Deadchest generated
[2021-08-22 16:52:33] New deadchest for [Arnisna] in world at X:31 Y:74 Z:0
[2021-08-22 16:53:21] New deadchest for [Arnisna] in world at X:-2 Y:5 Z:64
[2021-08-22 16:54:41] New deadchest for [sadjdk] in world at X:-3 Y:78 Z:-101
[2021-08-22 16:55:55] Deadchest of [Arnisna] was taken by [Arnisna] in world
[2021-08-22 16:56:37] Deadchest of [BOTAsiann] has expired in world
[2021-08-22 16:57:16] New deadchest for [Arnisna] in world at X:2 Y:79 Z:67
[2021-08-22 16:57:23] Deadchest of [Arnisna] was taken by [Arnisna] in world
[2021-08-22 16:58:14] New deadchest for [NotAMCPlayer] in world at X:15 Y:47 Z:68
[2021-08-22 16:58:15] New deadchest for [HMS_DUNCAN] in world at X:11 Y:52 Z:74
[2021-08-22 16:58:45] Deadchest of [sadjdk] was taken by [HMS_DUNCAN] in world
[2021-08-22 17:00:14] Deadchest of [HMS_DUNCAN] was taken by [HMS_DUNCAN] in world
[2021-08-22 17:01:42] Deadchest of [Arnisna] has expired in world
[2021-08-22 17:02:49] Deadchest of [NotAMCPlayer] was taken by [NotAMCPlayer] in world
[2021-08-22 17:09:27] Player [sadjdk] died without inventory : No Deadchest generated
[2021-08-22 17:11:00] Player [sadjdk] died without inventory : No Deadchest generated
[2021-08-22 17:15:31] New deadchest for [Arnisna] in world at X:-41 Y:78 Z:125
[2021-08-22 17:15:40] New deadchest for [sadjdk] in world at X:-32 Y:65 Z:143
[2021-08-22 17:17:07] Player [sadjdk] died without inventory : No Deadchest generated
[2021-08-22 17:19:19] Deadchest of [Arnisna] was taken by [Arnisna] in world
[2021-08-22 17:21:32] Deadchest of [sadjdk] was taken by [Arnisna] in world
[2021-08-22 17:25:15] Player [sadjdk] died without inventory : No Deadchest generated
[2021-08-22 17:26:17] New deadchest for [Arnisna] in world at X:-48 Y:71 Z:-51
[2021-08-22 17:28:04] Player [sadjdk] died without inventory : No Deadchest generated
[2021-08-22 17:29:26] New deadchest for [Arnisna] in world at X:-19 Y:75 Z:-153
[2021-08-22 17:29:36] Deadchest of [Arnisna] was taken by [Arnisna] in world
[2021-08-22 17:30:18] New deadchest for [Arnisna] in world at X:-12 Y:7 Z:-158
[2021-08-22 17:33:05] Player [chadmes2] died without inventory : No Deadchest generated
[2021-08-22 17:33:05] Player [sadjdk] died without inventory : No Deadchest generated
[2021-08-22 17:33:07] New deadchest for [chadmes2_2] in world at X:6 Y:75 Z:-175
[2021-08-22 17:33:07] New deadchest for [chadmes2_3] in world at X:6 Y:76 Z:-175
[2021-08-22 17:33:09] Deadchest of [chadmes2_3] was taken by [sadjdk] in world
[2021-08-22 17:33:11] New deadchest for [sadjdk] in world at X:7 Y:74 Z:-179
[2021-08-22 17:33:18] Player [chadmes2_3] died without inventory : No Deadchest generated
[2021-08-22 17:33:22] Player [chadmes2_3] died without inventory : No Deadchest generated
[2021-08-22 17:33:35] New deadchest for [chadmes2_2] in world at X:10 Y:75 Z:-172
[2021-08-22 17:33:38] New deadchest for [Arnisna] in world at X:11 Y:75 Z:-170
[2021-08-22 17:33:41] Deadchest of [Arnisna] was taken by [sadjdk] in world
[2021-08-22 17:33:47] Player [chadmes2_3] died without inventory : No Deadchest generated
[2021-08-22 17:33:58] Player [Arnisna] died without inventory : No Deadchest generated
[2021-08-22 17:34:01] Player [chadmes2_2] died without inventory : No Deadchest generated
[2021-08-22 17:34:01] Player [chadmes2_3] died without inventory : No Deadchest generated
[2021-08-22 17:34:22] Player [Arnisna] died without inventory : No Deadchest generated
[2021-08-22 17:34:28] Player [chadmes2_2] died without inventory : No Deadchest generated
[2021-08-22 17:34:28] Player [chadmes2_3] died without inventory : No Deadchest generated
[2021-08-22 17:34:38] Deadchest of [Arnisna] has expired in world
[2021-08-22 17:34:38] Player [chadmes2] died without inventory : No Deadchest generated
[2021-08-22 17:34:40] Deadchest of [chadmes2_2] was taken by [Arnisna] in world
[2021-08-22 17:34:41] Deadchest of [chadmes2_2] was taken by [Arnisna] in world
[2021-08-22 17:34:45] New deadchest for [Arnisna] in world at X:10 Y:75 Z:-165
[2021-08-22 17:34:50] New deadchest for [sadjdk] in world at X:4 Y:74 Z:-161
[2021-08-22 17:34:55] Deadchest of [sadjdk] was taken by [Arnisna] in world
[2021-08-22 17:36:15] Deadchest of [Arnisna] was taken by [Arnisna] in world
[2021-08-22 17:36:27] Deadchest of [sadjdk] was taken by [Arnisna] in world
[2021-08-22 17:37:21] New deadchest for [Arnisna] in world at X:8 Y:53 Z:-175
[2021-08-22 17:37:21] New deadchest for [sadjdk] in world at X:7 Y:43 Z:-181
[2021-08-22 17:37:27] Player [chadmes2_3] died without inventory : No Deadchest generated
[2021-08-22 17:37:29] Player [sadjdk] died without inventory : No Deadchest generated
[2021-08-22 17:37:30] Player [Arnisna] died without inventory : No Deadchest generated
[2021-08-22 17:37:48] Player [chadmes2_2] died without inventory : No Deadchest generated
[2021-08-22 17:38:04] Player [chadmes2] died without inventory : No Deadchest generated
[2021-08-22 17:38:07] Player [chadmes2_3] died without inventory : No Deadchest generated
[2021-08-22 17:38:08] Player [chadmes2] died without inventory : No Deadchest generated
[2021-08-22 17:38:38] Deadchest of [Arnisna] has expired in world
[2021-08-22 17:39:22] Player [chadmes2] died without inventory : No Deadchest generated
[2021-08-22 17:40:15] New deadchest for [chadmes2_2] in world at X:-10 Y:48 Z:-163
[2021-08-22 17:40:15] Deadchest of [chadmes2_2] was taken by [chadmes2_3] in world
[2021-08-22 17:40:17] New deadchest for [chadmes2_3] in world at X:-10 Y:36 Z:-163
[2021-08-22 17:40:21] New deadchest for [sadjdk] in world at X:-9 Y:49 Z:-164
[2021-08-22 17:41:05] New deadchest for [Arnisna] in world at X:-2 Y:10 Z:-175
[2021-08-22 17:41:20] Player [Arnisna] died without inventory : No Deadchest generated
[2021-08-22 17:41:28] Player [sadjdk] died without inventory : No Deadchest generated
[2021-08-22 17:42:10] Player [chadmes2_2] died without inventory : No Deadchest generated
[2021-08-22 17:42:10] Player [sadjdk] died without inventory : No Deadchest generated
[2021-08-22 17:42:13] Player [chadmes2_3] died without inventory : No Deadchest generated
[2021-08-22 17:42:14] Player [chadmes2_2] died without inventory : No Deadchest generated
[2021-08-22 17:42:31] Player [chadmes2_3] died without inventory : No Deadchest generated
[2021-08-22 17:42:46] Player [chadmes2_3] died without inventory : No Deadchest generated
[2021-08-22 17:43:14] Player [chadmes2] died without inventory : No Deadchest generated
[2021-08-22 17:43:18] Player [chadmes2] died without inventory : No Deadchest generated
[2021-08-22 17:45:41] Deadchest of [sadjdk] has expired in world
[2021-08-22 17:46:16] Player [Arnisna] died without inventory : No Deadchest generated
[2021-08-22 17:46:35] Deadchest of [Arnisna] was taken by [Arnisna] in world
[2021-08-22 17:48:38] Deadchest of [chadmes2_3] has expired in world
[2021-08-22 17:48:42] Deadchest of [sadjdk] has expired in world
[2021-08-22 17:50:05] Player [chadmes2_3] died without inventory : No Deadchest generated
[2021-08-22 17:50:10] Player [chadmes2] died without inventory : No Deadchest generated
[2021-08-22 18:07:49] Player [sadjdk] died without inventory : No Deadchest generated
[2021-08-22 18:12:14] Player [sadjdk] died without inventory : No Deadchest generated
[2021-08-22 18:13:41] Player [sadjdk] died without inventory : No Deadchest generated
[2021-08-22 18:13:55] Player [sadjdk] died without inventory : No Deadchest generated
[2021-08-22 18:14:05] Player [sadjdk] died without inventory : No Deadchest generated
[2021-08-22 18:14:26] Player [sadjdk] died without inventory : No Deadchest generated
[2021-08-22 18:14:40] Player [sadjdk] died without inventory : No Deadchest generated
[2021-08-22 18:17:39] Player [sadjdk] died without inventory : No Deadchest generated
[2021-08-22 18:22:02] Player [sadjdk] died without inventory : No Deadchest generated
[2021-08-22 18:23:20] Player [sadjdk] died without inventory : No Deadchest generated
[2021-08-22 18:23:45] Player [sadjdk] died without inventory : No Deadchest generated
[2021-08-22 18:24:03] New deadchest for [chadmes2] in world at X:8 Y:15 Z:-107
[2021-08-22 18:24:03] Player [sadjdk] died without inventory : No Deadchest generated
[2021-08-22 18:24:08] New deadchest for [chadmes2_2] in world at X:20 Y:41 Z:-108
[2021-08-22 18:24:10] Player [sadjdk] died without inventory : No Deadchest generated
[2021-08-22 18:24:25] New deadchest for [chadmes2_3] in world at X:20 Y:42 Z:-108
[2021-08-22 18:26:05] Player [chadmes2_2] died without inventory : No Deadchest generated
[2021-08-22 18:29:06] Player [sadjdk] died without inventory : No Deadchest generated
[2021-08-22 18:29:21] Player [sadjdk] died without inventory : No Deadchest generated
[2021-08-22 18:31:01] New deadchest for [chadmes2_3] in world at X:30 Y:71 Z:-152
[2021-08-22 18:31:01] Deadchest of [chadmes2_3] was taken by [NotAMCPlayer] in world
[2021-08-22 18:31:51] Player [chadmes2] died without inventory : No Deadchest generated
[2021-08-22 18:31:57] Player [chadmes2_3] died without inventory : No Deadchest generated
[2021-08-22 18:32:23] Deadchest of [chadmes2] has expired in world
[2021-08-22 18:32:29] Deadchest of [chadmes2_2] has expired in world
[2021-08-22 18:32:45] Deadchest of [chadmes2_3] has expired in world
[2021-08-22 18:33:22] New deadchest for [chadmes2_2] in world at X:7 Y:14 Z:-167
[2021-08-22 18:33:25] Player [chadmes2_3] died without inventory : No Deadchest generated
[2021-08-22 18:35:01] Player [chadmes2_2] died without inventory : No Deadchest generated
[2021-08-22 18:37:30] New deadchest for [chadmes2_2] in world at X:18 Y:34 Z:-206
[2021-08-22 18:37:49] New deadchest for [sadjdk] in world at X:17 Y:7 Z:-207
[2021-08-22 18:37:55] Player [chadmes2_2] died without inventory : No Deadchest generated
[2021-08-22 18:38:27] Player [sadjdk] died without inventory : No Deadchest generated
[2021-08-22 18:38:39] New deadchest for [chadmes2_3] in world at X:18 Y:8 Z:-186
[2021-08-22 18:38:44] Player [chadmes2_3] died without inventory : No Deadchest generated
[2021-08-22 18:41:43] Deadchest of [chadmes2_2] has expired in world
[2021-08-22 18:45:51] Deadchest of [chadmes2_2] has expired in world
[2021-08-22 18:46:09] Deadchest of [sadjdk] has expired in world
[2021-08-22 18:47:00] Deadchest of [chadmes2_3] has expired in world
[2021-08-22 18:50:04] New deadchest for [bart7782] in world at X:-14 Y:70 Z:-186
[2021-08-22 18:50:14] Deadchest of [bart7782] was taken by [bart7782] in world
[2021-08-22 18:51:03] New deadchest for [HMS_DUNCAN] in world_nether at X:-180 Y:97 Z:-66
[2021-08-22 18:51:11] New deadchest for [bart7782] in world at X:-11 Y:68 Z:-186
[2021-08-22 18:51:38] Deadchest of [bart7782] was taken by [bart7782] in world
[2021-08-22 18:51:49] Player [chadmes2] died without inventory : No Deadchest generated
[2021-08-22 18:51:58] Player [HMS_DUNCAN] died without inventory : No Deadchest generated
[2021-08-22 18:52:08] Player [sadjdk] died without inventory : No Deadchest generated
[2021-08-22 18:52:09] Player [HMS_DUNCAN] died without inventory : No Deadchest generated
[2021-08-22 18:52:21] Player [HMS_DUNCAN] died without inventory : No Deadchest generated
[2021-08-22 18:54:30] New deadchest for [bart7782] in world at X:-10 Y:72 Z:-192
[2021-08-22 18:54:38] Deadchest of [bart7782] was taken by [bart7782] in world
[2021-08-22 19:02:28] New deadchest for [sadjdk] in world at X:50 Y:50 Z:-200
[2021-08-22 19:02:35] Player [sadjdk] died without inventory : No Deadchest generated
[2021-08-22 19:02:57] New deadchest for [chadmes2] in world at X:55 Y:6 Z:-207
[2021-08-22 19:03:56] New deadchest for [NotAMCPlayer] in world at X:27 Y:7 Z:-212
[2021-08-22 19:04:39] Player [Arnisna] died without inventory : No Deadchest generated
[2021-08-22 19:05:37] Deadchest of [NotAMCPlayer] was taken by [NotAMCPlayer] in world
[2021-08-22 19:05:46] New deadchest for [NotAMCPlayer] in world at X:27 Y:10 Z:-210
[2021-08-22 19:05:47] Deadchest of [NotAMCPlayer] was taken by [bart7782] in world
[2021-08-22 19:06:06] Player [sadjdk] died without inventory : No Deadchest generated
[2021-08-22 19:06:55] New deadchest for [Arnisna] in world at X:34 Y:47 Z:-216
[2021-08-22 19:06:57] Player [sadjdk] died without inventory : No Deadchest generated
[2021-08-22 19:07:19] Player [chadmes2] died without inventory : No Deadchest generated
[2021-08-22 19:07:24] Player [Arnisna] died without inventory : No Deadchest generated
[2021-08-22 19:07:54] Player [chadmes2] died without inventory : No Deadchest generated
[2021-08-22 19:08:19] Player [Arnisna] died without inventory : No Deadchest generated
[2021-08-22 19:08:30] Player [Arnisna] died without inventory : No Deadchest generated
[2021-08-22 19:08:40] Player [Arnisna] died without inventory : No Deadchest generated
[2021-08-22 19:08:49] Player [Arnisna] died without inventory : No Deadchest generated
[2021-08-22 19:09:25] Player [sadjdk] died without inventory : No Deadchest generated
[2021-08-22 19:09:32] Player [sadjdk] died without inventory : No Deadchest generated
[2021-08-22 19:09:39] Player [sadjdk] died without inventory : No Deadchest generated
[2021-08-22 19:10:49] Deadchest of [sadjdk] has expired in world
[2021-08-22 19:11:06] Player [sadjdk] died without inventory : No Deadchest generated
[2021-08-22 19:11:18] Deadchest of [chadmes2] has expired in world
[2021-08-22 19:11:48] Player [sadjdk] died without inventory : No Deadchest generated
[2021-08-22 19:11:50] New deadchest for [Arnisna] in world at X:31 Y:48 Z:-204
[2021-08-22 19:13:09] Player [sadjdk] died without inventory : No Deadchest generated
[2021-08-22 19:13:29] Player [sadjdk] died without inventory : No Deadchest generated
[2021-08-22 19:13:41] New deadchest for [Arnisna] in world at X:36 Y:5 Z:-213
[2021-08-22 19:13:57] New deadchest for [NotAMCPlayer] in world at X:34 Y:7 Z:-215
[2021-08-22 19:14:14] Player [Arnisna] died without inventory : No Deadchest generated
[2021-08-22 19:14:28] Player [Arnisna] died without inventory : No Deadchest generated
[2021-08-22 19:14:32] Player [NotAMCPlayer] died without inventory : No Deadchest generated
[2021-08-22 19:14:53] Deadchest of [NotAMCPlayer] was taken by [NotAMCPlayer] in world
[2021-08-22 19:19:24] New deadchest for [Arnisna] in world at X:25 Y:56 Z:-221
[2021-08-22 19:21:10] Player [Arnisna] died without inventory : No Deadchest generated
[2021-08-22 19:21:46] Player [Arnisna] died without inventory : No Deadchest generated
[2021-08-22 19:22:02] Deadchest of [Arnisna] has expired in world
[2021-08-22 19:22:03] Player [sadjdk] died without inventory : No Deadchest generated
[2021-08-22 19:22:26] Player [Arnisna] died without inventory : No Deadchest generated
[2021-08-22 19:22:43] Player [Arnisna] died without inventory : No Deadchest generated
[2021-08-22 19:23:47] Player [Arnisna] died without inventory : No Deadchest generated
[2021-08-22 19:24:04] Player [Arnisna] died without inventory : No Deadchest generated
[2021-08-22 19:25:17] Player [Arnisna] died without inventory : No Deadchest generated
[2021-08-22 19:25:40] Player [sadjdk] died without inventory : No Deadchest generated
[2021-08-22 19:26:24] Player [Arnisna] died without inventory : No Deadchest generated
[2021-08-22 19:27:45] Deadchest of [Arnisna] has expired in world
