[INFO|6:07:11]: ACR > ComPieter failed Speed (x8) | type: airspeed, ping: 34ms, tps: 20 
[INFO|6:07:12]: ACR > ComPieter failed Speed (x16) | type: airspeed, ping: 34ms, tps: 20 
[INFO|6:07:13]: ACR > ComPieter failed Speed (x24) | type: verticalspeed, ping: 34ms, tps: 20 
[INFO|6:07:13]: ACR > ComPieter failed Speed (x32) | type: verticalspeed, ping: 35ms, tps: 20 
[INFO|6:07:14]: ACR > ComPieter failed Speed (x40) | type: verticalspeed, ping: 35ms, tps: 20 
[INFO|6:07:14]: ACR > ComPieter failed Speed (x48) | type: verticalspeed, ping: 35ms, tps: 20 
[INFO|6:07:14]: ACR > ComPieter failed Speed (x56) | type: verticalspeed, ping: 35ms, tps: 20 
[INFO|6:07:15]: ACR > ComPieter failed Speed (x64) | type: verticalspeed, ping: 35ms, tps: 20 
[INFO|6:07:15]: ACR > ComPieter failed Speed (x72) | type: verticalspeed, ping: 35ms, tps: 20 
[INFO|6:07:15]: ACR > ComPieter failed Speed (x80) | type: verticalspeed, ping: 35ms, tps: 20 
[INFO|6:07:15]: ACR > ComPieter failed Speed (x88) | type: verticalspeed, ping: 35ms, tps: 20 
[INFO|6:07:37]: ACR > ComPieter failed MorePackets (x8) | ping: 31ms, tps: 20 
[INFO|6:09:46]: ACR > ComPieter failed Speed (x96) | type: airspeed, ping: 33ms, tps: 20 
[INFO|6:09:46]: ACR > ComPieter failed Speed (x104) | type: airspeed, ping: 33ms, tps: 20 
[INFO|6:09:46]: ACR > ComPieter failed Speed (x112) | type: airspeed, ping: 33ms, tps: 20 
[INFO|6:09:46]: ACR > ComPieter failed Speed (x120) | type: airspeed, ping: 33ms, tps: 20 
[INFO|6:09:47]: ACR > ComPieter failed Speed (x128) | type: airspeed, ping: 33ms, tps: 20 
[INFO|6:09:54]: ACR > ComPieter failed Speed (x136) | type: airspeed, ping: 33ms, tps: 20 
[INFO|6:10:12]: ACR > ComPieter failed Speed (x144) | type: airspeed, ping: 33ms, tps: 20 
[INFO|6:10:13]: ACR > ComPieter failed Speed (x152) | type: airspeed, ping: 33ms, tps: 20 
[INFO|6:10:22]: ACR > ComPieter failed MorePackets (x16) | ping: 33ms, tps: 20 
[INFO|6:10:22]: ACR > ComPieter failed Speed (x160) | type: groundspeed, ping: 33ms, tps: 20 
[INFO|6:10:24]: ACR > ComPieter failed MorePackets (x24) | ping: 33ms, tps: 20 
[INFO|6:31:17]: ACR > ComPieter failed Speed (x168) | type: verticalspeed, ping: 32ms, tps: 20 
[INFO|8:01:27]: ACR > HMS_DUNCAN failed Speed (x8) | type: airspeed, ping: 39ms, tps: 20 
[INFO|8:01:28]: ACR > HMS_DUNCAN failed Speed (x16) | type: airspeed, ping: 39ms, tps: 20 
[INFO|8:03:55]: ACR > HMS_DUNCAN failed Speed (x24) | type: verticalspeed, ping: 42ms, tps: 20 
[INFO|8:04:31]: ACR > HMS_DUNCAN failed Flight (x8) | type: groundflight, ping: 37ms, tps: 20 
[INFO|8:04:51]: ACR > HMS_DUNCAN failed Flight (x16) | type: groundflight, ping: 104ms, tps: 20 
[INFO|8:04:52]: ACR > HMS_DUNCAN failed Flight (x24) | type: groundflight, ping: 104ms, tps: 20 
[INFO|8:04:54]: ACR > HMS_DUNCAN failed Flight (x32) | type: groundflight, ping: 104ms, tps: 20 
[INFO|8:14:42]: ACR > ComPieter failed Speed (x8) | type: verticalspeed, ping: 28ms, tps: 20 
[INFO|8:14:43]: ACR > ComPieter failed Speed (x16) | type: verticalspeed, ping: 28ms, tps: 20 
[INFO|8:14:44]: ACR > ComPieter failed Speed (x24) | type: airspeed, ping: 28ms, tps: 20 
[INFO|8:15:16]: ACR > ComPieter failed Speed (x32) | type: groundspeed, ping: 30ms, tps: 20 
[INFO|8:16:15]: ACR > ComPieter failed Speed (x40) | type: groundspeed, ping: 30ms, tps: 20 
[INFO|8:17:03]: ACR > ComPieter failed Speed (x48) | type: groundspeed, ping: 32ms, tps: 20 
[INFO|8:17:35]: ACR > HMS_DUNCAN failed Flight (x8) | type: groundflight, ping: 38ms, tps: 20 
[INFO|8:17:36]: ACR > HMS_DUNCAN failed Flight (x16) | type: groundflight, ping: 38ms, tps: 20 
[INFO|8:17:37]: ACR > HMS_DUNCAN failed Flight (x24) | type: groundflight, ping: 38ms, tps: 20 
[INFO|8:17:38]: ACR > HMS_DUNCAN failed Flight (x32) | type: groundflight, ping: 38ms, tps: 20 
[INFO|8:20:31]: ACR > ComPieter failed Flight (x8) | type: groundflight, ping: 36ms, tps: 20 
[INFO|8:20:59]: ACR > paris223 failed Flight (x8) | type: groundflight, ping: 0ms, tps: 20 
[INFO|8:21:02]: ACR > paris223 failed Flight (x16) | type: groundflight, ping: 0ms, tps: 20 
[INFO|8:21:06]: ACR > paris223 failed Flight (x24) | type: groundflight, ping: 0ms, tps: 20 
[INFO|8:21:07]: ACR > ComPieter failed Speed (x56) | type: groundspeed, ping: 41ms, tps: 20 
[INFO|8:21:09]: ACR > paris223 failed Flight (x32) | type: groundflight, ping: 319ms, tps: 20 
[INFO|8:21:12]: ACR > paris223 failed Flight (x40) | type: groundflight, ping: 319ms, tps: 20 
[INFO|8:21:15]: ACR > paris223 failed Flight (x48) | type: groundflight, ping: 319ms, tps: 20 
[INFO|8:21:18]: ACR > paris223 failed Flight (x56) | type: groundflight, ping: 319ms, tps: 20 
[INFO|8:21:20]: ACR > ComPieter failed Speed (x64) | type: groundspeed, ping: 27ms, tps: 20 
[INFO|8:21:22]: ACR > paris223 failed Flight (x64) | type: groundflight, ping: 319ms, tps: 20 
[INFO|8:21:27]: ACR > paris223 failed Flight (x72) | type: groundflight, ping: 712ms, tps: 20 
[INFO|8:21:30]: ACR > paris223 failed Flight (x80) | type: groundflight, ping: 712ms, tps: 20 
[INFO|8:21:34]: ACR > paris223 failed Flight (x88) | type: groundflight, ping: 712ms, tps: 20 
[INFO|8:23:05]: ACR > paris223 failed Flight (x96) | type: airclimb, ping: 316ms, tps: 20 
[INFO|8:23:34]: ACR > HMS_DUNCAN failed Flight (x40) | type: groundflight, ping: 39ms, tps: 20 
[INFO|8:23:43]: ACR > ComPieter failed Flight (x16) | type: groundflight, ping: 34ms, tps: 20 
[INFO|8:23:44]: ACR > ComPieter failed Flight (x24) | type: groundflight, ping: 34ms, tps: 20 
[INFO|8:23:44]: ACR > ComPieter failed Flight (x32) | type: groundflight, ping: 34ms, tps: 20 
[INFO|8:23:49]: ACR > HMS_DUNCAN failed Flight (x48) | type: groundflight, ping: 48ms, tps: 20 
[INFO|8:24:01]: ACR > HMS_DUNCAN failed Flight (x56) | type: groundflight, ping: 34ms, tps: 20 
[INFO|8:24:11]: ACR > HMS_DUNCAN failed Flight (x64) | type: groundflight, ping: 34ms, tps: 20 
[INFO|8:25:21]: ACR > ComPieter failed Speed (x72) | type: groundspeed, ping: 0ms, tps: 20 
[INFO|8:25:57]: ACR > HMS_DUNCAN failed Speed (x8) | type: groundspeed, ping: 138ms, tps: 20 
[INFO|8:27:47]: ACR > ComPieter failed Speed (x80) | type: verticalspeed, ping: 32ms, tps: 20 
[INFO|8:27:48]: ACR > ComPieter failed Speed (x88) | type: airspeed, ping: 28ms, tps: 20 
[INFO|8:27:50]: ACR > ComPieter failed Flight (x40) | type: airflight, ping: 28ms, tps: 20 
[INFO|8:27:56]: ACR > ComPieter failed Speed (x96) | type: groundspeed, ping: 28ms, tps: 20 
[INFO|8:35:40]: ACR > ComPieter failed Speed (x104) | type: verticalspeed, ping: 29ms, tps: 20 
[INFO|8:35:41]: ACR > ComPieter failed Speed (x112) | type: airspeed, ping: 29ms, tps: 20 
[INFO|8:35:42]: ACR > ComPieter failed Speed (x120) | type: airspeed, ping: 29ms, tps: 20 
[INFO|8:35:43]: ACR > ComPieter failed Speed (x128) | type: airspeed, ping: 29ms, tps: 20 
[INFO|8:35:43]: ACR > ComPieter failed Speed (x136) | type: airacceleration, ping: 29ms, tps: 20 
[INFO|8:38:30]: ACR > HMS_DUNCAN failed Speed (x16) | type: groundspeed, ping: 56ms, tps: 20 
[INFO|8:41:03]: ACR > ComPieter failed Speed (x144) | type: groundspeed, ping: 30ms, tps: 20 
[INFO|9:15:16]: ACR > zombiestrike444 failed ElytraFly (x8) | ping: 142ms, tps: 20 
[INFO|9:15:28]: ACR > zombiestrike444 failed ElytraFly (x16) | ping: 146ms, tps: 20 
[INFO|9:15:57]: ACR > zombiestrike444 failed ElytraFly (x24) | ping: 135ms, tps: 20 
[INFO|9:16:55]: ACR > zombiestrike444 failed ElytraFly (x32) | ping: 143ms, tps: 20 
[INFO|9:18:05]: ACR > zombiestrike444 failed ElytraFly (x40) | ping: 140ms, tps: 20 
[INFO|9:18:14]: ACR > zombiestrike444 failed ElytraFly (x48) | ping: 140ms, tps: 20 
[INFO|9:18:52]: ACR > zombiestrike444 failed ElytraFly (x56) | ping: 153ms, tps: 20 
[INFO|9:18:59]: ACR > zombiestrike444 failed ElytraFly (x64) | ping: 153ms, tps: 20 
[INFO|9:19:14]: ACR > zombiestrike444 failed ElytraFly (x72) | ping: 147ms, tps: 20 
[INFO|9:19:37]: ACR > zombiestrike444 failed ElytraFly (x80) | ping: 142ms, tps: 20 
[INFO|9:19:53]: ACR > zombiestrike444 failed ElytraFly (x88) | ping: 148ms, tps: 20 
[INFO|9:21:17]: ACR > zombiestrike444 failed ElytraFly (x96) | ping: 140ms, tps: 20 
[INFO|9:21:21]: ACR > zombiestrike444 failed ElytraFly (x104) | ping: 141ms, tps: 20 
[INFO|9:21:56]: ACR > zombiestrike444 failed ElytraFly (x112) | ping: 138ms, tps: 20 
[INFO|9:22:38]: ACR > zombiestrike444 failed ElytraFly (x120) | ping: 139ms, tps: 20 
[INFO|9:22:42]: ACR > zombiestrike444 failed ElytraFly (x128) | ping: 139ms, tps: 20 
[INFO|9:22:50]: ACR > zombiestrike444 failed ElytraFly (x136) | ping: 139ms, tps: 20 
[INFO|9:22:54]: ACR > zombiestrike444 failed ElytraFly (x144) | ping: 155ms, tps: 20 
[INFO|9:23:40]: ACR > zombiestrike444 failed ElytraFly (x152) | ping: 138ms, tps: 20 
[INFO|9:23:41]: ACR > zombiestrike444 failed ElytraFly (x160) | ping: 138ms, tps: 20 
[INFO|9:23:41]: ACR > zombiestrike444 failed ElytraFly (x168) | ping: 138ms, tps: 20 
[INFO|9:23:42]: ACR > zombiestrike444 failed ElytraFly (x176) | ping: 138ms, tps: 20 
[INFO|9:23:45]: ACR > zombiestrike444 failed ElytraFly (x184) | ping: 138ms, tps: 20 
[INFO|9:23:46]: ACR > zombiestrike444 failed ElytraFly (x192) | ping: 138ms, tps: 20 
[INFO|9:24:01]: ACR > zombiestrike444 failed ElytraFly (x200) | ping: 140ms, tps: 20 
[INFO|9:24:07]: ACR > zombiestrike444 failed ElytraFly (x208) | ping: 139ms, tps: 20 
[INFO|9:24:25]: ACR > zombiestrike444 failed ElytraFly (x216) | ping: 143ms, tps: 20 
[INFO|10:46:47]: ACR > HMS_DUNCAN failed Speed (x24) | type: verticalspeed, ping: 48ms, tps: 20 
[INFO|10:51:57]: ACR > HMS_DUNCAN failed MorePackets (x8) | ping: 41ms, tps: 20 
[INFO|10:54:03]: ACR > HMS_DUNCAN failed MorePackets (x16) | ping: 42ms, tps: 20 
[INFO|10:55:18]: ACR > HMS_DUNCAN failed MorePackets (x24) | ping: 38ms, tps: 20 
[INFO|10:57:14]: ACR > HMS_DUNCAN failed MorePackets (x32) | ping: 38ms, tps: 20 
[INFO|10:58:15]: ACR > HMS_DUNCAN failed MorePackets (x40) | ping: 42ms, tps: 20 
[INFO|11:00:06]: ACR > HMS_DUNCAN failed MorePackets (x48) | ping: 37ms, tps: 20 
[INFO|11:05:21]: ACR > HMS_DUNCAN failed Speed (x32) | type: verticalspeed, ping: 37ms, tps: 20 
[INFO|11:07:21]: ACR > HMS_DUNCAN failed Speed (x40) | type: verticalspeed, ping: 43ms, tps: 20 
[INFO|11:23:57]: ACR > ComPieter failed Speed (x8) | type: verticalspeed, ping: 28ms, tps: 20 
[INFO|11:24:04]: ACR > ComPieter failed MorePackets (x8) | ping: 28ms, tps: 20 
[INFO|11:24:05]: ACR > ComPieter failed MorePackets (x16) | ping: 28ms, tps: 20 
[INFO|11:24:07]: ACR > ComPieter failed MorePackets (x24) | ping: 31ms, tps: 20 
[INFO|11:24:09]: ACR > ComPieter failed MorePackets (x32) | ping: 31ms, tps: 20 
[INFO|11:24:10]: ACR > ComPieter failed Speed (x16) | type: groundspeed, ping: 31ms, tps: 20 
[INFO|11:24:11]: ACR > ComPieter failed MorePackets (x40) | ping: 31ms, tps: 20 
[INFO|11:24:14]: ACR > ComPieter failed MorePackets (x48) | ping: 31ms, tps: 20 
[INFO|11:24:16]: ACR > ComPieter failed MorePackets (x56) | ping: 31ms, tps: 20 
[INFO|11:24:17]: ACR > ComPieter failed MorePackets (x64) | ping: 31ms, tps: 20 
[INFO|11:24:19]: ACR > ComPieter failed MorePackets (x72) | ping: 31ms, tps: 20 
[INFO|11:24:21]: ACR > ComPieter failed MorePackets (x80) | ping: 31ms, tps: 20 
[INFO|11:24:27]: ACR > ComPieter failed MorePackets (x88) | ping: 32ms, tps: 20 
[INFO|11:24:29]: ACR > ComPieter failed MorePackets (x96) | ping: 32ms, tps: 20 
[INFO|11:24:40]: ACR > ComPieter failed MorePackets (x104) | ping: 34ms, tps: 20 
[INFO|11:24:41]: ACR > ComPieter failed Speed (x24) | type: verticalspeed, ping: 34ms, tps: 20 
[INFO|11:24:42]: ACR > ComPieter failed MorePackets (x112) | ping: 34ms, tps: 20 
[INFO|11:24:44]: ACR > ComPieter failed MorePackets (x120) | ping: 34ms, tps: 20 
[INFO|11:24:46]: ACR > ComPieter failed MorePackets (x128) | ping: 34ms, tps: 20 
[INFO|11:24:48]: ACR > ComPieter failed MorePackets (x136) | ping: 34ms, tps: 20 
[INFO|11:24:51]: ACR > ComPieter failed MorePackets (x144) | ping: 34ms, tps: 20 
[INFO|11:24:59]: ACR > ComPieter failed MorePackets (x152) | ping: 34ms, tps: 20 
[INFO|11:27:29]: ACR > ComPieter failed MorePackets (x160) | ping: 30ms, tps: 20 
[INFO|11:27:32]: ACR > ComPieter failed NoFall (x8) | ping: 30ms, tps: 20 
[INFO|11:27:34]: ACR > ComPieter failed NoFall (x16) | ping: 30ms, tps: 20 
[INFO|11:27:58]: ACR > ComPieter failed NoFall (x24) | ping: 32ms, tps: 20 
[INFO|11:28:02]: ACR > ComPieter failed NoFall (x32) | ping: 32ms, tps: 20 
[INFO|11:28:31]: ACR > ComPieter failed NoFall (x40) | ping: 32ms, tps: 20 
[INFO|11:28:46]: ACR > ComPieter failed NoFall (x48) | ping: 31ms, tps: 20 
[INFO|11:29:28]: ACR > ComPieter failed Speed (x32) | type: airspeed, ping: 29ms, tps: 20 
[INFO|11:29:28]: ACR > ComPieter failed Speed (x40) | type: airspeed, ping: 29ms, tps: 20 
[INFO|11:29:29]: ACR > ComPieter failed Speed (x48) | type: verticalspeed, ping: 29ms, tps: 20 
[INFO|11:29:29]: ACR > ComPieter failed Speed (x56) | type: verticalspeed, ping: 29ms, tps: 20 
[INFO|11:29:30]: ACR > ComPieter failed Speed (x64) | type: verticalspeed, ping: 29ms, tps: 20 
[INFO|11:29:51]: ACR > ComPieter failed MorePackets (x168) | ping: 36ms, tps: 20 
[INFO|11:29:56]: ACR > ComPieter failed MorePackets (x176) | ping: 35ms, tps: 20 
[INFO|11:30:53]: ACR > ComPieter failed MorePackets (x184) | ping: 31ms, tps: 20 
[INFO|11:30:58]: ACR > ComPieter failed Speed (x72) | type: verticalspeed, ping: 31ms, tps: 20 
[INFO|11:31:07]: ACR > ComPieter failed MorePackets (x192) | ping: 31ms, tps: 20 
[INFO|11:31:18]: ACR > ComPieter failed MorePackets (x200) | ping: 32ms, tps: 20 
[INFO|11:33:33]: ACR > ComPieter failed MorePackets (x208) | ping: 31ms, tps: 20 
[INFO|11:33:54]: ACR > ComPieter failed NoFall (x56) | ping: 31ms, tps: 20 
[INFO|11:34:10]: ACR > ComPieter failed Flight (x8) | type: airclimb, ping: 41ms, tps: 20 
[INFO|12:12:56]: ACR > ComPieter failed Speed (x8) | type: airspeed, ping: 33ms, tps: 20 
[INFO|12:14:19]: ACR > ComPieter failed Speed (x16) | type: verticalspeed, ping: 31ms, tps: 20 
[INFO|12:15:10]: ACR > ComPieter failed MorePackets (x8) | ping: 30ms, tps: 20 
[INFO|12:17:23]: ACR > ComPieter failed MorePackets (x16) | ping: 0ms, tps: 20 
[INFO|12:17:30]: ACR > ComPieter failed Speed (x24) | type: airacceleration, ping: 0ms, tps: 20 
[INFO|12:17:49]: ACR > ComPieter failed MorePackets (x24) | ping: 33ms, tps: 20 
[INFO|12:20:02]: ACR > ComPieter failed Speed (x32) | type: verticalspeed, ping: 36ms, tps: 20 
[INFO|12:20:02]: ACR > ComPieter failed Speed (x40) | type: verticalspeed, ping: 36ms, tps: 20 
[INFO|12:20:03]: ACR > ComPieter failed Speed (x48) | type: verticalspeed, ping: 36ms, tps: 20 
[INFO|4:57:24]: ACR > zombiestrike444 failed KillAura (x8) | type: packetorder, ping: 138ms, tps: 20 
[INFO|6:04:54]: ACR > HMS_DUNCAN failed MorePackets (x8) | ping: 50ms, tps: 20 
[INFO|6:05:13]: ACR > HMS_DUNCAN failed Flight (x8) | type: airclimb, ping: 48ms, tps: 20 
[INFO|6:05:44]: ACR > HMS_DUNCAN failed Flight (x16) | type: airclimb, ping: 65ms, tps: 20 
[INFO|6:06:21]: ACR > HMS_DUNCAN failed Flight (x24) | type: airclimb, ping: 67ms, tps: 20 
[INFO|6:13:11]: ACR > HMS_DUNCAN failed Speed (x8) | type: airspeed, ping: 53ms, tps: 20 
[INFO|6:18:37]: ACR > HMS_DUNCAN failed Speed (x16) | type: airspeed, ping: 60ms, tps: 20 
[INFO|6:20:00]: ACR > HMS_DUNCAN failed Speed (x24) | type: airspeed, ping: 82ms, tps: 20 
[INFO|6:21:31]: ACR > HMS_DUNCAN failed Speed (x32) | type: airspeed, ping: 55ms, tps: 20 
[INFO|6:22:26]: ACR > HMS_DUNCAN failed Flight (x32) | type: airclimb, ping: 40ms, tps: 20 
[INFO|6:22:59]: ACR > HMS_DUNCAN failed Speed (x40) | type: airspeed, ping: 53ms, tps: 20 
[INFO|2:10:34]: ACR > red_ac1d failed Flight (x8) | type: groundflight, ping: 0ms, tps: 20 
[INFO|2:10:41]: ACR > red_ac1d failed Flight (x16) | type: groundflight, ping: 342ms, tps: 20 
[INFO|2:10:49]: ACR > red_ac1d failed Flight (x24) | type: groundflight, ping: 342ms, tps: 20 
[INFO|2:11:23]: ACR > red_ac1d failed Flight (x32) | type: groundflight, ping: 342ms, tps: 20 
[INFO|4:54:30]: ACR > HMS_DUNCAN failed Speed (x8) | type: groundspeed, ping: 0ms, tps: 20 
[INFO|7:29:02]: ACR > zombiestrike444 failed KillAura (x8) | type: packetorder, ping: 150ms, tps: 20 
[INFO|7:46:03]: ACR > zombiestrike444 failed Speed (x8) | type: groundspeed, ping: 150ms, tps: 20 
[INFO|8:02:19]: ACR > zombiestrike444 failed KillAura (x16) | type: packetorder, ping: 146ms, tps: 20 
[INFO|10:57:38]: ACR > zombiestrike444 failed MorePackets (x8) | ping: 834ms, tps: 20 
[INFO|10:57:42]: ACR > zombiestrike444 failed Speed (x16) | type: groundspeed, ping: 3762ms, tps: 20 
[INFO|10:57:51]: ACR > zombiestrike444 failed MorePackets (x16) | ping: 3762ms, tps: 20 
[INFO|6:30:34]: ACR > night4666 failed NoFall (x8) | ping: 65ms, tps: 20 
[INFO|11:18:47]: ACR > zombiestrike444 failed Flight (x8) | type: airflight, ping: 140ms, tps: 20 
[INFO|4:05:53]: ACR > HMS_DUNCAN failed Flight (x8) | type: airclimb, ping: 40ms, tps: 20 
[INFO|10:22:34]: ACR > HMS_DUNCAN failed Flight (x8) | type: airclimb, ping: 42ms, tps: 20 
[INFO|10:23:29]: ACR > HMS_DUNCAN failed Speed (x8) | type: verticalspeed, ping: 41ms, tps: 20 
[INFO|2:03:14]: ACR > zombiestrike444 failed NoFall (x8) | ping: 138ms, tps: 20 
[INFO|2:26:16]: ACR > zombiestrike444 failed KillAura (x8) | type: packetorder, ping: 143ms, tps: 20 
[INFO|2:26:46]: ACR > zombiestrike444 failed Flight (x8) | type: airflight, ping: 176ms, tps: 20 
[INFO|2:30:07]: ACR > zombiestrike444 failed Flight (x16) | type: airflight, ping: 141ms, tps: 20 
[INFO|6:00:15]: ACR > Arnisna failed Speed (x8) | type: airspeed, ping: 0ms, tps: 20 
[INFO|6:00:17]: ACR > Arnisna failed Speed (x16) | type: verticalspeed, ping: 0ms, tps: 20 
[INFO|6:00:31]: ACR > Arnisna failed Speed (x24) | type: airspeed, ping: 64ms, tps: 20 
[INFO|6:00:31]: ACR > Arnisna failed Speed (x32) | type: airspeed, ping: 64ms, tps: 20 
[INFO|6:00:33]: ACR > Arnisna failed Speed (x40) | type: airspeed, ping: 64ms, tps: 20 
[INFO|6:00:38]: ACR > Arnisna failed Speed (x48) | type: airspeed, ping: 66ms, tps: 20 
[INFO|6:00:42]: ACR > Arnisna failed Flight (x8) | type: groundflight, ping: 66ms, tps: 20 
[INFO|6:00:52]: ACR > Arnisna failed NoFall (x8) | ping: 66ms, tps: 20 
[INFO|9:51:56]: ACR > zombiestrike444 failed NoFall (x16) | ping: 154ms, tps: 20 
[INFO|10:10:03]: ACR > HMS_DUNCAN failed Speed (x8) | type: groundspeed, ping: 0ms, tps: 20 
[INFO|10:10:07]: ACR > HMS_DUNCAN failed Speed (x16) | type: groundspeed, ping: 0ms, tps: 20 
[INFO|10:21:39]: ACR > HMS_DUNCAN failed BoatFly (x8) | ping: 43ms, tps: 20 
[INFO|10:23:02]: ACR > zombiestrike444 failed Speed (x8) | type: airspeed, ping: 138ms, tps: 20 
[INFO|10:38:29]: ACR > zombiestrike444 failed Flight (x24) | type: airflight, ping: 143ms, tps: 20 
[INFO|10:44:24]: ACR > zombiestrike444 failed KillAura (x16) | type: packetorder, ping: 194ms, tps: 20 
[INFO|10:55:12]: ACR > zombiestrike444 failed MorePackets (x8) | ping: 319ms, tps: 20 
[INFO|10:55:26]: ACR > zombiestrike444 failed MorePackets (x16) | ping: 156ms, tps: 20 
[INFO|10:55:45]: ACR > zombiestrike444 failed MorePackets (x24) | ping: 153ms, tps: 20 
[INFO|10:56:19]: ACR > zombiestrike444 failed MorePackets (x32) | ping: 144ms, tps: 20 
[INFO|10:56:29]: ACR > zombiestrike444 failed MorePackets (x40) | ping: 144ms, tps: 20 
[INFO|10:56:40]: ACR > zombiestrike444 failed MorePackets (x48) | ping: 216ms, tps: 20 
[INFO|10:56:52]: ACR > zombiestrike444 failed MorePackets (x56) | ping: 141ms, tps: 20 
[INFO|10:58:25]: ACR > zombiestrike444 failed KillAura (x24) | type: packetorder, ping: 153ms, tps: 20 
[INFO|10:59:12]: ACR > zombiestrike444 failed Speed (x16) | type: groundspeed, ping: 143ms, tps: 20 
[INFO|11:03:26]: ACR > zombiestrike444 failed KillAura (x32) | type: packetorder, ping: 142ms, tps: 20 
[INFO|11:03:49]: ACR > zombiestrike444 failed KillAura (x40) | type: packetorder, ping: 146ms, tps: 20 
[INFO|11:46:42]: ACR > zombiestrike444 failed KillAura (x48) | type: packetorder, ping: 137ms, tps: 20 
[INFO|11:57:48]: ACR > zombiestrike444 failed KillAura (x56) | type: packetorder, ping: 136ms, tps: 20 
[INFO|6:30:52]: ACR > SKDEVILFF failed Flight (x8) | type: airflight, ping: 357ms, tps: 20 
[INFO|3:58:33]: ACR > zombiestrike444 failed Flight (x8) | type: airclimb, ping: 138ms, tps: 20 
[INFO|3:58:54]: ACR > zombiestrike444 failed KillAura (x8) | type: packetorder, ping: 139ms, tps: 20 
[INFO|3:59:06]: ACR > zombiestrike444 failed KillAura (x16) | type: packetorder, ping: 139ms, tps: 20 
[INFO|3:59:20]: ACR > zombiestrike444 failed KillAura (x24) | type: packetorder, ping: 140ms, tps: 20 
[INFO|3:59:32]: ACR > zombiestrike444 failed KillAura (x32) | type: packetorder, ping: 150ms, tps: 20 
[INFO|3:59:43]: ACR > zombiestrike444 failed KillAura (x40) | type: packetorder, ping: 144ms, tps: 20 
[INFO|3:59:55]: ACR > zombiestrike444 failed KillAura (x48) | type: packetorder, ping: 142ms, tps: 20 
[INFO|7:25:24]: ACR > TasnimSamin failed Flight (x8) | type: airclimb, ping: 200ms, tps: 20 
[INFO|7:26:59]: ACR > TasnimSamin failed Flight (x16) | type: airclimb, ping: 203ms, tps: 20 
[INFO|7:28:52]: ACR > TasnimSamin failed Flight (x24) | type: airclimb, ping: 211ms, tps: 20 
[INFO|7:29:16]: ACR > TasnimSamin failed Flight (x32) | type: airflight, ping: 209ms, tps: 20 
[INFO|7:29:35]: ACR > TasnimSamin failed Flight (x40) | type: airflight, ping: 221ms, tps: 20 
[INFO|7:30:10]: ACR > TasnimSamin failed Flight (x48) | type: airflight, ping: 199ms, tps: 20 
[INFO|9:47:45]: ACR > _ADITYA_FF_ failed Speed (x8) | type: verticalspeed, ping: 375ms, tps: 20 
[INFO|9:54:40]: ACR > SKDEVILFF failed Flight (x8) | type: airclimb, ping: 362ms, tps: 20 
[INFO|10:00:54]: ACR > SKDEVILFF failed Flight (x16) | type: airclimb, ping: 353ms, tps: 20 
[INFO|6:39:47]: ACR > PratyushKing failed Flight (x8) | type: airflight, ping: 0ms, tps: 20 
[INFO|6:39:53]: ACR > PratyushKing failed Flight (x16) | type: airflight, ping: 305ms, tps: 20 
[INFO|6:43:36]: ACR > PratyushKing failed Speed (x8) | type: airspeed, ping: 313ms, tps: 20 
[INFO|6:44:03]: ACR > PratyushKing failed Flight (x24) | type: airflight, ping: 304ms, tps: 20 
[INFO|7:11:10]: ACR > HiveIsDead failed Speed (x8) | type: verticalspeed, ping: 228ms, tps: 20 
[INFO|7:11:11]: ACR > HiveIsDead failed Flight (x8) | type: airclimb, ping: 228ms, tps: 20 
[INFO|7:11:12]: ACR > HiveIsDead failed Speed (x16) | type: verticalspeed, ping: 228ms, tps: 20 
[INFO|7:11:16]: ACR > HiveIsDead failed Flight (x16) | type: airflight, ping: 228ms, tps: 20 
[INFO|12:32:27]: ACR > zombiestrike444 failed MorePackets (x8) | ping: 141ms, tps: 20 
[INFO|1:35:53]: ACR > zombiestrike444 failed Speed (x8) | type: groundspeed, ping: 144ms, tps: 20 
[INFO|1:36:27]: ACR > zombiestrike444 failed Flight (x8) | type: airclimb, ping: 135ms, tps: 20 
[INFO|4:30:45]: ACR > zombiestrike444 failed KillAura (x8) | type: packetorder, ping: 140ms, tps: 20 
[INFO|4:34:14]: ACR > zombiestrike444 failed KillAura (x16) | type: packetorder, ping: 140ms, tps: 20 
[INFO|4:37:03]: ACR > zombiestrike444 failed KillAura (x24) | type: packetorder, ping: 138ms, tps: 20 
[INFO|4:46:12]: ACR > zombiestrike444 failed Flight (x16) | type: airclimb, ping: 138ms, tps: 20 
[INFO|4:46:19]: ACR > zombiestrike444 failed Speed (x16) | type: groundspeed, ping: 138ms, tps: 20 
[INFO|4:56:04]: ACR > zombiestrike444 failed Speed (x24) | type: verticalspeed, ping: 145ms, tps: 20 
[INFO|5:14:37]: ACR > zombiestrike444 failed Flight (x24) | type: airclimb, ping: 140ms, tps: 20 
[INFO|11:03:35]: ACR > TasnimSamin failed Flight (x8) | type: airflight, ping: 383ms, tps: 20 
[INFO|8:07:20]: ACR > zombiestrike444 failed Flight (x32) | type: airflight, ping: 141ms, tps: 20 
[INFO|8:07:54]: ACR > zombiestrike444 failed Speed (x32) | type: verticalspeed, ping: 147ms, tps: 20 
[INFO|8:34:16]: ACR > zombiestrike444 failed Speed (x40) | type: groundspeed, ping: 141ms, tps: 20 
[INFO|8:47:18]: ACR > zombiestrike444 failed Speed (x48) | type: groundspeed, ping: 139ms, tps: 20 
[INFO|9:02:35]: ACR > zombiestrike444 failed Flight (x40) | type: airclimb, ping: 140ms, tps: 20 
[INFO|9:30:03]: ACR > zombiestrike444 failed KillAura (x32) | type: packetorder, ping: 144ms, tps: 20 
[INFO|11:55:23]: ACR > zombiestrike444 failed Speed (x56) | type: verticalspeed, ping: 142ms, tps: 20 
[INFO|11:56:22]: ACR > zombiestrike444 failed MorePackets (x16) | ping: 139ms, tps: 20 
[INFO|11:56:25]: ACR > zombiestrike444 failed KillAura (x40) | type: packetorder, ping: 139ms, tps: 20 
[INFO|12:36:40]: ACR > calones failed Speed (x8) | type: verticalspeed, ping: 155ms, tps: 20 
[INFO|12:37:18]: ACR > calones failed NoFall (x8) | ping: 153ms, tps: 20 
[INFO|12:38:06]: ACR > calones failed Flight (x8) | type: groundflight, ping: 151ms, tps: 20 
[INFO|12:38:35]: ACR > calones failed Flight (x16) | type: groundflight, ping: 149ms, tps: 20 
[INFO|12:39:06]: ACR > calones failed Flight (x24) | type: groundflight, ping: 159ms, tps: 20 
[INFO|12:39:53]: ACR > calones failed Speed (x16) | type: groundspeed, ping: 151ms, tps: 20 
[INFO|12:40:20]: ACR > calones failed Flight (x32) | type: airflight, ping: 155ms, tps: 20 
[INFO|12:40:25]: ACR > calones failed Flight (x40) | type: airflight, ping: 155ms, tps: 20 
[INFO|12:41:56]: ACR > calones failed Flight (x48) | type: groundflight, ping: 152ms, tps: 20 
[INFO|12:42:04]: ACR > calones failed Speed (x24) | type: groundspeed, ping: 152ms, tps: 20 
[INFO|12:42:11]: ACR > calones failed Flight (x56) | type: groundflight, ping: 158ms, tps: 20 
[INFO|12:42:12]: ACR > calones failed NoFall (x16) | ping: 158ms, tps: 20 
[INFO|12:42:29]: ACR > calones failed NoFall (x24) | ping: 150ms, tps: 20 
[INFO|12:43:29]: ACR > calones failed Flight (x64) | type: groundflight, ping: 153ms, tps: 20 
[INFO|12:45:21]: ACR > calones failed Flight (x72) | type: groundflight, ping: 150ms, tps: 20 
[INFO|12:48:33]: ACR > calones failed Speed (x32) | type: airspeed, ping: 0ms, tps: 20 
[INFO|12:48:40]: ACR > calones failed Flight (x80) | type: airflight, ping: 0ms, tps: 20 
[INFO|12:48:50]: ACR > calones failed Flight (x88) | type: airflight, ping: 157ms, tps: 20 
[INFO|12:53:58]: ACR > calones failed Speed (x40) | type: verticalspeed, ping: 155ms, tps: 20 
[INFO|12:55:45]: ACR > zombiestrike444 failed Speed (x8) | type: verticalspeed, ping: 141ms, tps: 20 
[INFO|12:58:27]: ACR > calones failed MorePackets (x8) | ping: 157ms, tps: 20 
[INFO|12:58:29]: ACR > calones failed Speed (x48) | type: airspeed, ping: 157ms, tps: 20 
[INFO|12:58:37]: ACR > calones failed MorePackets (x16) | ping: 156ms, tps: 20 
[INFO|12:59:13]: ACR > calones failed Speed (x56) | type: groundspeed, ping: 157ms, tps: 20 
[INFO|12:59:15]: ACR > calones failed MorePackets (x24) | ping: 157ms, tps: 20 
[INFO|12:59:30]: ACR > calones failed MorePackets (x32) | ping: 161ms, tps: 20 
[INFO|12:59:52]: ACR > calones failed MorePackets (x40) | ping: 158ms, tps: 20 
[INFO|12:59:55]: ACR > calones failed MorePackets (x48) | ping: 158ms, tps: 20 
[INFO|1:00:00]: ACR > calones failed MorePackets (x56) | ping: 158ms, tps: 20 
[INFO|1:00:03]: ACR > calones failed MorePackets (x64) | ping: 153ms, tps: 20 
[INFO|1:00:06]: ACR > calones failed MorePackets (x72) | ping: 153ms, tps: 20 
[INFO|1:00:09]: ACR > calones failed MorePackets (x80) | ping: 153ms, tps: 20 
[INFO|1:00:20]: ACR > calones failed MorePackets (x88) | ping: 158ms, tps: 20 
[INFO|1:00:23]: ACR > calones failed MorePackets (x96) | ping: 158ms, tps: 20 
[INFO|1:00:27]: ACR > calones failed MorePackets (x104) | ping: 158ms, tps: 20 
[INFO|1:00:31]: ACR > calones failed MorePackets (x112) | ping: 153ms, tps: 20 
[INFO|1:00:34]: ACR > calones failed MorePackets (x120) | ping: 153ms, tps: 20 
[INFO|1:00:37]: ACR > calones failed MorePackets (x128) | ping: 153ms, tps: 20 
[INFO|1:00:41]: ACR > calones failed MorePackets (x136) | ping: 153ms, tps: 20 
[INFO|1:00:44]: ACR > calones failed MorePackets (x144) | ping: 153ms, tps: 20 
[INFO|1:00:47]: ACR > calones failed MorePackets (x152) | ping: 152ms, tps: 20 
[INFO|1:00:50]: ACR > calones failed MorePackets (x160) | ping: 152ms, tps: 20 
[INFO|1:00:53]: ACR > calones failed MorePackets (x168) | ping: 152ms, tps: 20 
[INFO|1:00:56]: ACR > calones failed MorePackets (x176) | ping: 152ms, tps: 20 
[INFO|1:00:59]: ACR > calones failed MorePackets (x184) | ping: 152ms, tps: 20 
[INFO|1:01:07]: ACR > calones failed MorePackets (x192) | ping: 160ms, tps: 20 
[INFO|1:02:40]: ACR > calones failed MorePackets (x200) | ping: 156ms, tps: 20 
[INFO|1:12:28]: ACR > zombiestrike444 failed Flight (x8) | type: airclimb, ping: 147ms, tps: 20 
[INFO|1:12:28]: ACR > zombiestrike444 failed Speed (x16) | type: airspeed, ping: 147ms, tps: 20 
[INFO|1:13:15]: ACR > calones failed Speed (x64) | type: verticalspeed, ping: 157ms, tps: 20 
[INFO|1:13:36]: ACR > calones failed Flight (x96) | type: airflight, ping: 154ms, tps: 20 
[INFO|1:13:40]: ACR > calones failed Flight (x104) | type: airflight, ping: 154ms, tps: 20 
[INFO|1:13:40]: ACR > calones failed Speed (x72) | type: verticalspeed, ping: 154ms, tps: 20 
[INFO|1:13:48]: ACR > calones failed Flight (x112) | type: airflight, ping: 150ms, tps: 20 
[INFO|1:20:55]: ACR > zombiestrike444 failed KillAura (x8) | type: packetorder, ping: 141ms, tps: 20 
[INFO|1:21:01]: ACR > zombiestrike444 failed MorePackets (x8) | ping: 143ms, tps: 20 
[INFO|1:27:43]: ACR > zombiestrike444 failed MorePackets (x16) | ping: 138ms, tps: 20 
[INFO|1:33:28]: ACR > calones failed Flight (x120) | type: airclimb, ping: 152ms, tps: 20 
[INFO|1:33:32]: ACR > calones failed Flight (x128) | type: airflight, ping: 152ms, tps: 20 
[INFO|1:33:37]: ACR > calones failed Flight (x136) | type: airclimb, ping: 157ms, tps: 20 
[INFO|1:33:39]: ACR > calones failed Flight (x144) | type: airflight, ping: 157ms, tps: 20 
[INFO|1:34:12]: ACR > zombiestrike444 failed KillAura (x16) | type: packetorder, ping: 136ms, tps: 20 
[INFO|1:34:24]: ACR > calones failed Flight (x152) | type: airflight, ping: 153ms, tps: 20 
[INFO|1:35:43]: ACR > zombiestrike444 failed Speed (x24) | type: verticalspeed, ping: 137ms, tps: 20 
[INFO|1:38:27]: ACR > zombiestrike444 failed MorePackets (x24) | ping: 141ms, tps: 20 
[INFO|9:08:29]: ACR > zombiestrike444 failed Flight (x16) | type: airclimb, ping: 151ms, tps: 20 
[INFO|11:08:24]: ACR > night4666 failed NoFall (x8) | ping: 56ms, tps: 20 
[INFO|4:00:26]: ACR > Koaki_ failed Speed (x8) | type: verticalspeed, ping: 74ms, tps: 20 
[INFO|12:32:15]: ACR > zombiestrike444 failed MorePackets (x8) | ping: 151ms, tps: 20 
[INFO|12:39:19]: ACR > zombiestrike444 failed Flight (x8) | type: airclimb, ping: 139ms, tps: 20 
[INFO|12:56:16]: ACR > zombiestrike444 failed Flight (x16) | type: airclimb, ping: 143ms, tps: 20 
[INFO|1:16:35]: ACR > zombiestrike444 failed Flight (x24) | type: airflight, ping: 141ms, tps: 20 
[INFO|1:18:47]: ACR > zombiestrike444 failed MorePackets (x16) | ping: 137ms, tps: 20 
[INFO|12:20:40]: ACR > zombiestrike444 failed KillAura (x8) | type: packetorder, ping: 144ms, tps: 20 
[INFO|12:22:48]: ACR > zombiestrike444 failed KillAura (x16) | type: packetorder, ping: 131ms, tps: 20 
[INFO|12:33:06]: ACR > zombiestrike444 failed MorePackets (x8) | ping: 132ms, tps: 20 
[INFO|12:56:40]: ACR > king_sato failed Speed (x8) | type: verticalspeed, ping: 186ms, tps: 20 
[INFO|1:02:53]: ACR > zombiestrike444 failed Flight (x8) | type: airflight, ping: 145ms, tps: 20 
[INFO|1:14:44]: ACR > king_sato failed Speed (x16) | type: verticalspeed, ping: 186ms, tps: 20 
[INFO|1:15:29]: ACR > zombiestrike444 failed Speed (x8) | type: verticalspeed, ping: 134ms, tps: 20 
[INFO|1:18:20]: ACR > zombiestrike444 failed KillAura (x24) | type: packetorder, ping: 129ms, tps: 20 
[INFO|1:28:25]: ACR > zombiestrike444 failed MorePackets (x16) | ping: 132ms, tps: 20 
[INFO|1:31:06]: ACR > zombiestrike444 failed MorePackets (x24) | ping: 132ms, tps: 20 
[INFO|1:32:03]: ACR > zombiestrike444 failed MorePackets (x32) | ping: 131ms, tps: 20 
[INFO|1:32:07]: ACR > zombiestrike444 failed MorePackets (x40) | ping: 131ms, tps: 20 
[INFO|1:34:05]: ACR > king_sato failed Speed (x24) | type: verticalspeed, ping: 187ms, tps: 20 
[INFO|1:39:17]: ACR > zombiestrike444 failed MorePackets (x48) | ping: 144ms, tps: 20 
[INFO|1:39:59]: ACR > zombiestrike444 failed MorePackets (x56) | ping: 141ms, tps: 20 
[INFO|1:41:22]: ACR > zombiestrike444 failed MorePackets (x64) | ping: 137ms, tps: 20 
[INFO|1:42:30]: ACR > zombiestrike444 failed MorePackets (x72) | ping: 138ms, tps: 20 
[INFO|1:43:47]: ACR > zombiestrike444 failed MorePackets (x80) | ping: 133ms, tps: 20 
[INFO|1:44:28]: ACR > zombiestrike444 failed MorePackets (x88) | ping: 141ms, tps: 20 
[INFO|1:45:03]: ACR > zombiestrike444 failed MorePackets (x96) | ping: 138ms, tps: 20 
[INFO|1:46:35]: ACR > zombiestrike444 failed MorePackets (x104) | ping: 141ms, tps: 20 
[INFO|1:46:40]: ACR > zombiestrike444 failed MorePackets (x112) | ping: 141ms, tps: 20 
[INFO|1:47:44]: ACR > zombiestrike444 failed MorePackets (x120) | ping: 141ms, tps: 20 
[INFO|1:49:09]: ACR > zombiestrike444 failed MorePackets (x128) | ping: 132ms, tps: 20 
[INFO|1:52:39]: ACR > zombiestrike444 failed Speed (x16) | type: verticalspeed, ping: 133ms, tps: 20 
[INFO|1:55:42]: ACR > king_sato failed Speed (x32) | type: verticalspeed, ping: 179ms, tps: 20 
[INFO|1:57:03]: ACR > zombiestrike444 failed KillAura (x32) | type: packetorder, ping: 136ms, tps: 20 
[INFO|1:28:16]: ACR > vilamano failed Flight (x8) | type: groundflight, ping: 28ms, tps: 20 
[INFO|1:28:17]: ACR > vilamano failed Flight (x16) | type: groundflight, ping: 28ms, tps: 20 
[INFO|1:28:18]: ACR > vilamano failed Flight (x24) | type: groundflight, ping: 28ms, tps: 20 
[INFO|1:37:52]: ACR > vilamano failed Flight (x32) | type: groundflight, ping: 0ms, tps: 20 
[INFO|1:37:53]: ACR > vilamano failed Flight (x40) | type: groundflight, ping: 0ms, tps: 20 
[INFO|1:37:53]: ACR > vilamano failed Flight (x48) | type: groundflight, ping: 0ms, tps: 20 
[INFO|1:41:50]: ACR > vilamano failed Flight (x56) | type: groundflight, ping: 0ms, tps: 20 
[INFO|1:41:51]: ACR > vilamano failed Flight (x64) | type: groundflight, ping: 0ms, tps: 20 
[INFO|1:41:52]: ACR > vilamano failed Flight (x72) | type: groundflight, ping: 0ms, tps: 20 
[INFO|1:43:32]: ACR > vilamano failed Flight (x80) | type: groundflight, ping: 0ms, tps: 20 
[INFO|1:43:33]: ACR > vilamano failed Flight (x88) | type: groundflight, ping: 0ms, tps: 20 
[INFO|1:43:34]: ACR > vilamano failed Flight (x96) | type: groundflight, ping: 0ms, tps: 20 
[INFO|1:43:35]: ACR > vilamano failed Flight (x104) | type: groundflight, ping: 0ms, tps: 20 
[INFO|1:46:41]: ACR > vilamano failed Flight (x112) | type: groundflight, ping: 42ms, tps: 20 
[INFO|1:46:42]: ACR > vilamano failed Flight (x120) | type: groundflight, ping: 42ms, tps: 20 
[INFO|1:46:43]: ACR > vilamano failed Flight (x128) | type: groundflight, ping: 42ms, tps: 20 
[INFO|1:46:44]: ACR > vilamano failed Flight (x136) | type: groundflight, ping: 42ms, tps: 20 
[INFO|1:48:29]: ACR > vilamano failed Speed (x8) | type: verticalspeed, ping: 31ms, tps: 20 
[INFO|1:48:39]: ACR > vilamano failed NoFall (x8) | ping: 27ms, tps: 20 
[INFO|1:48:46]: ACR > vilamano failed NoFall (x16) | ping: 27ms, tps: 20 
[INFO|1:48:48]: ACR > vilamano failed NoFall (x24) | ping: 23ms, tps: 20 
[INFO|1:50:33]: ACR > vilamano failed NoFall (x32) | ping: 26ms, tps: 20 
[INFO|1:50:33]: ACR > vilamano failed Flight (x144) | type: groundflight, ping: 28ms, tps: 20 
[INFO|1:50:34]: ACR > vilamano failed Flight (x152) | type: groundflight, ping: 28ms, tps: 20 
[INFO|1:50:35]: ACR > vilamano failed Flight (x160) | type: groundflight, ping: 28ms, tps: 20 
[INFO|9:35:07]: ACR > ShaddowBlades failed Flight (x8) | type: airclimb, ping: 129ms, tps: 20 
[INFO|9:35:39]: ACR > ShaddowBlades failed Flight (x16) | type: airclimb, ping: 136ms, tps: 20 
